<?xml version="1.0" encoding="UTF-8"?>
<coverage generated="1728732532311" clover="3.2.0">
  <project timestamp="1728732532311" name="All files">
    <metrics statements="12" coveredstatements="11" conditionals="1" coveredconditionals="1" methods="7" coveredmethods="6" elements="20" coveredelements="18" complexity="0" loc="12" ncloc="12" packages="1" files="1" classes="1"/>
    <file name="index.ts" path="C:\code\tsexamples\unitTest\index.ts">
      <metrics statements="12" coveredstatements="11" conditionals="1" coveredconditionals="1" methods="7" coveredmethods="6"/>
      <line num="1" count="1" type="stmt"/>
      <line num="2" count="9" type="stmt"/>
      <line num="3" count="9" type="stmt"/>
      <line num="5" count="3" type="cond" truecount="1" falsecount="0"/>
      <line num="6" count="1" type="stmt"/>
      <line num="8" count="2" type="stmt"/>
      <line num="9" count="4" type="stmt"/>
      <line num="10" count="2" type="stmt"/>
      <line num="14" count="1" type="stmt"/>
      <line num="15" count="1" type="stmt"/>
      <line num="19" count="1" type="stmt"/>
      <line num="20" count="0" type="stmt"/>
    </file>
  </project>
</coverage>
