{"C:\\code\\tsexamples\\unitTest\\index.ts": {"path":"C:\\code\\tsexamples\\unitTest\\index.ts","statementMap":{"0":{"start":{"line":1,"column":0},"end":{"line":1,"column":16}},"1":{"start":{"line":14,"column":0},"end":{"line":14,"column":16}},"2":{"start":{"line":19,"column":0},"end":{"line":19,"column":16}},"3":{"start":{"line":2,"column":19},"end":{"line":2,"column":59}},"4":{"start":{"line":2,"column":47},"end":{"line":2,"column":58}},"5":{"start":{"line":3,"column":20},"end":{"line":3,"column":47}},"6":{"start":{"line":3,"column":41},"end":{"line":3,"column":46}},"7":{"start":{"line":5,"column":4},"end":{"line":6,"column":83}},"8":{"start":{"line":6,"column":8},"end":{"line":6,"column":83}},"9":{"start":{"line":8,"column":4},"end":{"line":10,"column":36}},"10":{"start":{"line":9,"column":21},"end":{"line":9,"column":30}},"11":{"start":{"line":10,"column":26},"end":{"line":10,"column":31}},"12":{"start":{"line":15,"column":4},"end":{"line":15,"column":19}},"13":{"start":{"line":20,"column":4},"end":{"line":20,"column":27}}},"fnMap":{"0":{"name":"add","decl":{"start":{"line":1,"column":16},"end":{"line":1,"column":19}},"loc":{"start":{"line":1,"column":35},"end":{"line":11,"column":1}}},"1":{"name":"(anonymous_1)","decl":{"start":{"line":2,"column":42},"end":{"line":2,"column":43}},"loc":{"start":{"line":2,"column":47},"end":{"line":2,"column":58}}},"2":{"name":"(anonymous_2)","decl":{"start":{"line":3,"column":36},"end":{"line":3,"column":37}},"loc":{"start":{"line":3,"column":41},"end":{"line":3,"column":46}}},"3":{"name":"(anonymous_3)","decl":{"start":{"line":9,"column":16},"end":{"line":9,"column":17}},"loc":{"start":{"line":9,"column":21},"end":{"line":9,"column":30}}},"4":{"name":"(anonymous_4)","decl":{"start":{"line":10,"column":16},"end":{"line":10,"column":17}},"loc":{"start":{"line":10,"column":26},"end":{"line":10,"column":31}}},"5":{"name":"welcome","decl":{"start":{"line":14,"column":16},"end":{"line":14,"column":23}},"loc":{"start":{"line":14,"column":23},"end":{"line":16,"column":1}}},"6":{"name":"goodbye","decl":{"start":{"line":19,"column":16},"end":{"line":19,"column":23}},"loc":{"start":{"line":19,"column":23},"end":{"line":21,"column":1}}}},"branchMap":{"0":{"loc":{"start":{"line":5,"column":4},"end":{"line":6,"column":83}},"type":"if","locations":[{"start":{"line":5,"column":4},"end":{"line":6,"column":83}}]}},"s":{"0":1,"1":1,"2":1,"3":3,"4":9,"5":3,"6":9,"7":3,"8":1,"9":2,"10":4,"11":2,"12":1,"13":0},"f":{"0":3,"1":9,"2":9,"3":4,"4":2,"5":1,"6":0},"b":{"0":[1]}}
}
